[ 2017-08-12T13:43:36+08:00 ] 127.0.0.1 /index.php/Admin/Login/index.html
INFO: [ app_init ] --START--
INFO: Run Behavior\BuildLiteBehavior [ RunTime:0.000010s ]
INFO: [ app_init ] --END-- [ RunTime:0.000584s ]

[ 2017-08-12T13:43:36+08:00 ] 127.0.0.1 /index.php/Admin/Login/chkcode.html
INFO: [ app_init ] --START--
INFO: Run Behavior\BuildLiteBehavior [ RunTime:0.000007s ]
INFO: [ app_init ] --END-- [ RunTime:0.000475s ]

[ 2017-08-12T13:43:45+08:00 ] 127.0.0.1 /index.php/Admin/Login/index.html
INFO: [ app_init ] --START--
INFO: Run Behavior\BuildLiteBehavior [ RunTime:0.000006s ]
INFO: [ app_init ] --END-- [ RunTime:0.000409s ]

[ 2017-08-12T13:43:46+08:00 ] 127.0.0.1 /index.php/Admin/Index/index.html
INFO: [ app_init ] --START--
INFO: Run Behavior\BuildLiteBehavior [ RunTime:0.000006s ]
INFO: [ app_init ] --END-- [ RunTime:0.000436s ]

[ 2017-08-12T13:43:52+08:00 ] 127.0.0.1 /index.php/Admin/System/index.html
INFO: [ app_init ] --START--
INFO: Run Behavior\BuildLiteBehavior [ RunTime:0.000007s ]
INFO: [ app_init ] --END-- [ RunTime:0.000443s ]

[ 2017-08-12T13:43:57+08:00 ] 127.0.0.1 /index.php/Admin/System/webconfig.html
INFO: [ app_init ] --START--
INFO: Run Behavior\BuildLiteBehavior [ RunTime:0.000022s ]
INFO: [ app_init ] --END-- [ RunTime:0.001014s ]

[ 2017-08-12T13:43:59+08:00 ] 127.0.0.1 /index.php/Admin/System/index/type/webconfig.html
INFO: [ app_init ] --START--
INFO: Run Behavior\BuildLiteBehavior [ RunTime:0.000006s ]
INFO: [ app_init ] --END-- [ RunTime:0.000442s ]
INFO: [ app_begin ] --START--
INFO: Run Behavior\ReadHtmlCacheBehavior [ RunTime:0.000486s ]
INFO: [ app_begin ] --END-- [ RunTime:0.000510s ]
SQL: SHOW COLUMNS FROM `zsf_admin_role` [ RunTime:0.0358s ]
SQL: SELECT d.`id`,d.`pid`,d.`name` FROM zsf_admin_role a  LEFT JOIN `zsf_role` b ON a.`admin_id` = b.`id`  LEFT JOIN `zsf_role_node` c ON b.`id` = c.`role_id`  LEFT JOIN `zsf_node` d ON d.`id` = c.`node_id`  WHERE a.`admin_id` = '1' AND b.`status` = 1 AND d.`status` = 1  [ RunTime:0.0318s ]
SQL: SHOW COLUMNS FROM `zsf_menu` [ RunTime:0.0320s ]
SQL: SELECT `id`,`title`,`icon`,`url`,`pid` FROM `zsf_menu` WHERE `status` = 1 ORDER BY sort ASC  [ RunTime:0.0324s ]
INFO: [ view_parse ] --START--
INFO: [ template_filter ] --START--
INFO: Run Behavior\ContentReplaceBehavior [ RunTime:0.000175s ]
INFO: [ template_filter ] --END-- [ RunTime:0.000197s ]
NOTIC: [8] Undefined index: groupname F:\www\tp3.2\App\Runtime\Cache\Admin\e02e6caa671634a6fda76293383b168e.php 第 371 行.
INFO: Run Behavior\ParseTemplateBehavior [ RunTime:0.008202s ]
INFO: [ view_parse ] --END-- [ RunTime:0.008226s ]
INFO: [ view_filter ] --START--
INFO: Run Behavior\WriteHtmlCacheBehavior [ RunTime:0.000380s ]
INFO: [ view_filter ] --END-- [ RunTime:0.000411s ]
INFO: [ app_end ] --START--
INFO: Run Behavior\ShowPageTraceBehavior [ RunTime:0.000596s ]
INFO: [ app_end ] --END-- [ RunTime:0.000644s ]

[ 2017-08-12T14:12:11+08:00 ] 127.0.0.1 /index.php/Admin/System/index.html
INFO: [ app_init ] --START--
INFO: Run Behavior\BuildLiteBehavior [ RunTime:0.000007s ]
INFO: [ app_init ] --END-- [ RunTime:0.000460s ]
INFO: [ app_begin ] --START--
INFO: Run Behavior\ReadHtmlCacheBehavior [ RunTime:0.000536s ]
INFO: [ app_begin ] --END-- [ RunTime:0.000560s ]
SQL: SHOW COLUMNS FROM `zsf_admin_role` [ RunTime:0.0279s ]
SQL: SELECT d.`id`,d.`pid`,d.`name` FROM zsf_admin_role a  LEFT JOIN `zsf_role` b ON a.`admin_id` = b.`id`  LEFT JOIN `zsf_role_node` c ON b.`id` = c.`role_id`  LEFT JOIN `zsf_node` d ON d.`id` = c.`node_id`  WHERE a.`admin_id` = '1' AND b.`status` = 1 AND d.`status` = 1  [ RunTime:0.0293s ]
SQL: SHOW COLUMNS FROM `zsf_menu` [ RunTime:0.0422s ]
SQL: SELECT `id`,`title`,`icon`,`url`,`pid` FROM `zsf_menu` WHERE `status` = 1 ORDER BY sort ASC  [ RunTime:0.0269s ]
INFO: [ view_parse ] --START--
INFO: [ template_filter ] --START--
INFO: Run Behavior\ContentReplaceBehavior [ RunTime:0.000486s ]
INFO: [ template_filter ] --END-- [ RunTime:0.000546s ]
NOTIC: [8] Undefined index: groupname F:\www\tp3.2\App\Runtime\Cache\Admin\e02e6caa671634a6fda76293383b168e.php 第 371 行.
INFO: Run Behavior\ParseTemplateBehavior [ RunTime:0.024953s ]
INFO: [ view_parse ] --END-- [ RunTime:0.025014s ]
INFO: [ view_filter ] --START--
INFO: Run Behavior\WriteHtmlCacheBehavior [ RunTime:0.000695s ]
INFO: [ view_filter ] --END-- [ RunTime:0.000732s ]
INFO: [ app_end ] --START--
INFO: Run Behavior\ShowPageTraceBehavior [ RunTime:0.000883s ]
INFO: [ app_end ] --END-- [ RunTime:0.000932s ]

[ 2017-08-12T14:16:12+08:00 ] 127.0.0.1 /index.php/Admin/System/index.html
INFO: [ app_init ] --START--
INFO: Run Behavior\BuildLiteBehavior [ RunTime:0.000030s ]
INFO: [ app_init ] --END-- [ RunTime:0.001152s ]
INFO: [ app_begin ] --START--
INFO: Run Behavior\ReadHtmlCacheBehavior [ RunTime:0.000847s ]
INFO: [ app_begin ] --END-- [ RunTime:0.000887s ]
SQL: SHOW COLUMNS FROM `zsf_admin_role` [ RunTime:0.0332s ]
SQL: SELECT d.`id`,d.`pid`,d.`name` FROM zsf_admin_role a  LEFT JOIN `zsf_role` b ON a.`admin_id` = b.`id`  LEFT JOIN `zsf_role_node` c ON b.`id` = c.`role_id`  LEFT JOIN `zsf_node` d ON d.`id` = c.`node_id`  WHERE a.`admin_id` = '1' AND b.`status` = 1 AND d.`status` = 1  [ RunTime:0.0315s ]
SQL: SHOW COLUMNS FROM `zsf_menu` [ RunTime:0.0320s ]
SQL: SELECT `id`,`title`,`icon`,`url`,`pid` FROM `zsf_menu` WHERE `status` = 1 ORDER BY sort ASC  [ RunTime:0.0308s ]
INFO: [ view_parse ] --START--
INFO: [ template_filter ] --START--
INFO: Run Behavior\ContentReplaceBehavior [ RunTime:0.000707s ]
INFO: [ template_filter ] --END-- [ RunTime:0.000797s ]
NOTIC: [8] Undefined index: groupname F:\www\tp3.2\App\Runtime\Cache\Admin\e02e6caa671634a6fda76293383b168e.php 第 371 行.
INFO: Run Behavior\ParseTemplateBehavior [ RunTime:0.029959s ]
INFO: [ view_parse ] --END-- [ RunTime:0.030018s ]
INFO: [ view_filter ] --START--
INFO: Run Behavior\WriteHtmlCacheBehavior [ RunTime:0.000840s ]
INFO: [ view_filter ] --END-- [ RunTime:0.000877s ]
INFO: [ app_end ] --START--
INFO: Run Behavior\ShowPageTraceBehavior [ RunTime:0.001108s ]
INFO: [ app_end ] --END-- [ RunTime:0.001165s ]

[ 2017-08-12T14:16:15+08:00 ] 127.0.0.1 /index.php/Admin/System/index.html
INFO: [ app_init ] --START--
INFO: Run Behavior\BuildLiteBehavior [ RunTime:0.000007s ]
INFO: [ app_init ] --END-- [ RunTime:0.000436s ]
INFO: [ app_begin ] --START--
INFO: Run Behavior\ReadHtmlCacheBehavior [ RunTime:0.000481s ]
INFO: [ app_begin ] --END-- [ RunTime:0.000505s ]
SQL: SHOW COLUMNS FROM `zsf_admin_role` [ RunTime:0.0377s ]
SQL: SELECT d.`id`,d.`pid`,d.`name` FROM zsf_admin_role a  LEFT JOIN `zsf_role` b ON a.`admin_id` = b.`id`  LEFT JOIN `zsf_role_node` c ON b.`id` = c.`role_id`  LEFT JOIN `zsf_node` d ON d.`id` = c.`node_id`  WHERE a.`admin_id` = '1' AND b.`status` = 1 AND d.`status` = 1  [ RunTime:0.0364s ]
SQL: SHOW COLUMNS FROM `zsf_menu` [ RunTime:0.0624s ]
SQL: SELECT `id`,`title`,`icon`,`url`,`pid` FROM `zsf_menu` WHERE `status` = 1 ORDER BY sort ASC  [ RunTime:0.0355s ]
INFO: [ view_parse ] --START--
INFO: [ template_filter ] --START--
INFO: Run Behavior\ContentReplaceBehavior [ RunTime:0.000397s ]
INFO: [ template_filter ] --END-- [ RunTime:0.000451s ]
NOTIC: [8] Undefined index: groupname F:\www\tp3.2\App\Runtime\Cache\Admin\e02e6caa671634a6fda76293383b168e.php 第 371 行.
INFO: Run Behavior\ParseTemplateBehavior [ RunTime:0.024610s ]
INFO: [ view_parse ] --END-- [ RunTime:0.024670s ]
INFO: [ view_filter ] --START--
INFO: Run Behavior\WriteHtmlCacheBehavior [ RunTime:0.000689s ]
INFO: [ view_filter ] --END-- [ RunTime:0.000724s ]
INFO: [ app_end ] --START--
INFO: Run Behavior\ShowPageTraceBehavior [ RunTime:0.001130s ]
INFO: [ app_end ] --END-- [ RunTime:0.001192s ]

[ 2017-08-12T14:16:16+08:00 ] 127.0.0.1 /index.php/Admin/System/index.html
INFO: [ app_init ] --START--
INFO: Run Behavior\BuildLiteBehavior [ RunTime:0.000005s ]
INFO: [ app_init ] --END-- [ RunTime:0.000420s ]
INFO: [ app_begin ] --START--
INFO: Run Behavior\ReadHtmlCacheBehavior [ RunTime:0.000480s ]
INFO: [ app_begin ] --END-- [ RunTime:0.000504s ]
SQL: SHOW COLUMNS FROM `zsf_admin_role` [ RunTime:0.0291s ]
SQL: SELECT d.`id`,d.`pid`,d.`name` FROM zsf_admin_role a  LEFT JOIN `zsf_role` b ON a.`admin_id` = b.`id`  LEFT JOIN `zsf_role_node` c ON b.`id` = c.`role_id`  LEFT JOIN `zsf_node` d ON d.`id` = c.`node_id`  WHERE a.`admin_id` = '1' AND b.`status` = 1 AND d.`status` = 1  [ RunTime:0.0290s ]
SQL: SHOW COLUMNS FROM `zsf_menu` [ RunTime:0.0318s ]
SQL: SELECT `id`,`title`,`icon`,`url`,`pid` FROM `zsf_menu` WHERE `status` = 1 ORDER BY sort ASC  [ RunTime:0.0296s ]
INFO: [ view_parse ] --START--
INFO: [ template_filter ] --START--
INFO: Run Behavior\ContentReplaceBehavior [ RunTime:0.000653s ]
INFO: [ template_filter ] --END-- [ RunTime:0.000693s ]
NOTIC: [8] Undefined index: groupname F:\www\tp3.2\App\Runtime\Cache\Admin\e02e6caa671634a6fda76293383b168e.php 第 371 行.
INFO: Run Behavior\ParseTemplateBehavior [ RunTime:0.014386s ]
INFO: [ view_parse ] --END-- [ RunTime:0.014428s ]
INFO: [ view_filter ] --START--
INFO: Run Behavior\WriteHtmlCacheBehavior [ RunTime:0.000523s ]
INFO: [ view_filter ] --END-- [ RunTime:0.000550s ]
INFO: [ app_end ] --START--
INFO: Run Behavior\ShowPageTraceBehavior [ RunTime:0.000705s ]
INFO: [ app_end ] --END-- [ RunTime:0.000742s ]

[ 2017-08-12T14:16:23+08:00 ] 127.0.0.1 /index.php/Admin/System/index.html
INFO: [ app_init ] --START--
INFO: Run Behavior\BuildLiteBehavior [ RunTime:0.000006s ]
INFO: [ app_init ] --END-- [ RunTime:0.000449s ]
INFO: [ app_begin ] --START--
INFO: Run Behavior\ReadHtmlCacheBehavior [ RunTime:0.000558s ]
INFO: [ app_begin ] --END-- [ RunTime:0.000593s ]
SQL: SHOW COLUMNS FROM `zsf_admin_role` [ RunTime:0.0384s ]
SQL: SELECT d.`id`,d.`pid`,d.`name` FROM zsf_admin_role a  LEFT JOIN `zsf_role` b ON a.`admin_id` = b.`id`  LEFT JOIN `zsf_role_node` c ON b.`id` = c.`role_id`  LEFT JOIN `zsf_node` d ON d.`id` = c.`node_id`  WHERE a.`admin_id` = '1' AND b.`status` = 1 AND d.`status` = 1  [ RunTime:0.0356s ]
SQL: SHOW COLUMNS FROM `zsf_menu` [ RunTime:0.0398s ]
SQL: SELECT `id`,`title`,`icon`,`url`,`pid` FROM `zsf_menu` WHERE `status` = 1 ORDER BY sort ASC  [ RunTime:0.0372s ]
INFO: [ view_parse ] --START--
INFO: [ template_filter ] --START--
INFO: Run Behavior\ContentReplaceBehavior [ RunTime:0.000413s ]
INFO: [ template_filter ] --END-- [ RunTime:0.000479s ]
NOTIC: [8] Undefined index: groupname F:\www\tp3.2\App\Runtime\Cache\Admin\e02e6caa671634a6fda76293383b168e.php 第 371 行.
INFO: Run Behavior\ParseTemplateBehavior [ RunTime:0.016144s ]
INFO: [ view_parse ] --END-- [ RunTime:0.016186s ]
INFO: [ view_filter ] --START--
INFO: Run Behavior\WriteHtmlCacheBehavior [ RunTime:0.000726s ]
INFO: [ view_filter ] --END-- [ RunTime:0.000764s ]
INFO: [ app_end ] --START--
INFO: Run Behavior\ShowPageTraceBehavior [ RunTime:0.000865s ]
INFO: [ app_end ] --END-- [ RunTime:0.000911s ]

[ 2017-08-12T14:16:45+08:00 ] 127.0.0.1 /index.php/Admin/System/webconfig.html
INFO: [ app_init ] --START--
INFO: Run Behavior\BuildLiteBehavior [ RunTime:0.000006s ]
INFO: [ app_init ] --END-- [ RunTime:0.000531s ]
INFO: [ app_begin ] --START--
INFO: Run Behavior\ReadHtmlCacheBehavior [ RunTime:0.000542s ]
INFO: [ app_begin ] --END-- [ RunTime:0.000568s ]
SQL: SHOW COLUMNS FROM `zsf_admin_role` [ RunTime:0.0333s ]
SQL: SELECT d.`id`,d.`pid`,d.`name` FROM zsf_admin_role a  LEFT JOIN `zsf_role` b ON a.`admin_id` = b.`id`  LEFT JOIN `zsf_role_node` c ON b.`id` = c.`role_id`  LEFT JOIN `zsf_node` d ON d.`id` = c.`node_id`  WHERE a.`admin_id` = '1' AND b.`status` = 1 AND d.`status` = 1  [ RunTime:0.0314s ]
SQL: SHOW COLUMNS FROM `zsf_menu` [ RunTime:0.0331s ]
SQL: SELECT `id`,`title`,`icon`,`url`,`pid` FROM `zsf_menu` WHERE `status` = 1 ORDER BY sort ASC  [ RunTime:0.0366s ]
INFO: [ view_parse ] --START--
INFO: [ template_filter ] --START--
INFO: Run Behavior\ContentReplaceBehavior [ RunTime:0.000032s ]
INFO: [ template_filter ] --END-- [ RunTime:0.000070s ]
INFO: Run Behavior\ParseTemplateBehavior [ RunTime:0.004452s ]
INFO: [ view_parse ] --END-- [ RunTime:0.004482s ]
INFO: [ view_filter ] --START--
INFO: Run Behavior\WriteHtmlCacheBehavior [ RunTime:0.000402s ]
INFO: [ view_filter ] --END-- [ RunTime:0.000423s ]
INFO: [ app_end ] --START--
INFO: Run Behavior\ShowPageTraceBehavior [ RunTime:0.000550s ]
INFO: [ app_end ] --END-- [ RunTime:0.000570s ]

[ 2017-08-12T14:16:47+08:00 ] 127.0.0.1 /index.php/Admin/System/index/type/webconfig.html
INFO: [ app_init ] --START--
INFO: Run Behavior\BuildLiteBehavior [ RunTime:0.000005s ]
INFO: [ app_init ] --END-- [ RunTime:0.000403s ]
INFO: [ app_begin ] --START--
INFO: Run Behavior\ReadHtmlCacheBehavior [ RunTime:0.000480s ]
INFO: [ app_begin ] --END-- [ RunTime:0.000504s ]
SQL: SHOW COLUMNS FROM `zsf_admin_role` [ RunTime:0.0349s ]
SQL: SELECT d.`id`,d.`pid`,d.`name` FROM zsf_admin_role a  LEFT JOIN `zsf_role` b ON a.`admin_id` = b.`id`  LEFT JOIN `zsf_role_node` c ON b.`id` = c.`role_id`  LEFT JOIN `zsf_node` d ON d.`id` = c.`node_id`  WHERE a.`admin_id` = '1' AND b.`status` = 1 AND d.`status` = 1  [ RunTime:0.0285s ]
SQL: SHOW COLUMNS FROM `zsf_menu` [ RunTime:0.0301s ]
SQL: SELECT `id`,`title`,`icon`,`url`,`pid` FROM `zsf_menu` WHERE `status` = 1 ORDER BY sort ASC  [ RunTime:0.0288s ]
INFO: [ view_parse ] --START--
INFO: [ template_filter ] --START--
INFO: Run Behavior\ContentReplaceBehavior [ RunTime:0.000188s ]
INFO: [ template_filter ] --END-- [ RunTime:0.000216s ]
NOTIC: [8] Undefined index: groupname F:\www\tp3.2\App\Runtime\Cache\Admin\e02e6caa671634a6fda76293383b168e.php 第 371 行.
INFO: Run Behavior\ParseTemplateBehavior [ RunTime:0.009004s ]
INFO: [ view_parse ] --END-- [ RunTime:0.009027s ]
INFO: [ view_filter ] --START--
INFO: Run Behavior\WriteHtmlCacheBehavior [ RunTime:0.000466s ]
INFO: [ view_filter ] --END-- [ RunTime:0.000486s ]
INFO: [ app_end ] --START--
INFO: Run Behavior\ShowPageTraceBehavior [ RunTime:0.000668s ]
INFO: [ app_end ] --END-- [ RunTime:0.000712s ]

[ 2017-08-12T14:17:33+08:00 ] 127.0.0.1 /index.php/Admin/System/webconfig.html
INFO: [ app_init ] --START--
INFO: Run Behavior\BuildLiteBehavior [ RunTime:0.000007s ]
INFO: [ app_init ] --END-- [ RunTime:0.000425s ]
INFO: [ app_begin ] --START--
INFO: Run Behavior\ReadHtmlCacheBehavior [ RunTime:0.000483s ]
INFO: [ app_begin ] --END-- [ RunTime:0.000505s ]
SQL: SHOW COLUMNS FROM `zsf_admin_role` [ RunTime:0.0366s ]
SQL: SELECT d.`id`,d.`pid`,d.`name` FROM zsf_admin_role a  LEFT JOIN `zsf_role` b ON a.`admin_id` = b.`id`  LEFT JOIN `zsf_role_node` c ON b.`id` = c.`role_id`  LEFT JOIN `zsf_node` d ON d.`id` = c.`node_id`  WHERE a.`admin_id` = '1' AND b.`status` = 1 AND d.`status` = 1  [ RunTime:0.0412s ]
SQL: SHOW COLUMNS FROM `zsf_menu` [ RunTime:0.0378s ]
SQL: SELECT `id`,`title`,`icon`,`url`,`pid` FROM `zsf_menu` WHERE `status` = 1 ORDER BY sort ASC  [ RunTime:0.0374s ]
INFO: [ view_parse ] --START--
INFO: [ template_filter ] --START--
INFO: Run Behavior\ContentReplaceBehavior [ RunTime:0.000093s ]
INFO: [ template_filter ] --END-- [ RunTime:0.000200s ]
INFO: Run Behavior\ParseTemplateBehavior [ RunTime:0.014874s ]
INFO: [ view_parse ] --END-- [ RunTime:0.014967s ]
INFO: [ view_filter ] --START--
INFO: Run Behavior\WriteHtmlCacheBehavior [ RunTime:0.001061s ]
INFO: [ view_filter ] --END-- [ RunTime:0.001121s ]
INFO: [ app_end ] --START--
INFO: Run Behavior\ShowPageTraceBehavior [ RunTime:0.001431s ]
INFO: [ app_end ] --END-- [ RunTime:0.001494s ]

[ 2017-08-12T14:17:36+08:00 ] 127.0.0.1 /index.php/Admin/System/index/type/webconfig.html
INFO: [ app_init ] --START--
INFO: Run Behavior\BuildLiteBehavior [ RunTime:0.000011s ]
INFO: [ app_init ] --END-- [ RunTime:0.001657s ]
INFO: [ app_begin ] --START--
INFO: Run Behavior\ReadHtmlCacheBehavior [ RunTime:0.000543s ]
INFO: [ app_begin ] --END-- [ RunTime:0.000572s ]
SQL: SHOW COLUMNS FROM `zsf_admin_role` [ RunTime:0.0379s ]
SQL: SELECT d.`id`,d.`pid`,d.`name` FROM zsf_admin_role a  LEFT JOIN `zsf_role` b ON a.`admin_id` = b.`id`  LEFT JOIN `zsf_role_node` c ON b.`id` = c.`role_id`  LEFT JOIN `zsf_node` d ON d.`id` = c.`node_id`  WHERE a.`admin_id` = '1' AND b.`status` = 1 AND d.`status` = 1  [ RunTime:0.0371s ]
SQL: SHOW COLUMNS FROM `zsf_menu` [ RunTime:0.0372s ]
SQL: SELECT `id`,`title`,`icon`,`url`,`pid` FROM `zsf_menu` WHERE `status` = 1 ORDER BY sort ASC  [ RunTime:0.0399s ]
INFO: [ view_parse ] --START--
INFO: [ template_filter ] --START--
INFO: Run Behavior\ContentReplaceBehavior [ RunTime:0.000187s ]
INFO: [ template_filter ] --END-- [ RunTime:0.000212s ]
NOTIC: [8] Undefined index: groupname F:\www\tp3.2\App\Runtime\Cache\Admin\e02e6caa671634a6fda76293383b168e.php 第 371 行.
INFO: Run Behavior\ParseTemplateBehavior [ RunTime:0.010546s ]
INFO: [ view_parse ] --END-- [ RunTime:0.010575s ]
INFO: [ view_filter ] --START--
INFO: Run Behavior\WriteHtmlCacheBehavior [ RunTime:0.000619s ]
INFO: [ view_filter ] --END-- [ RunTime:0.000649s ]
INFO: [ app_end ] --START--
INFO: Run Behavior\ShowPageTraceBehavior [ RunTime:0.000645s ]
INFO: [ app_end ] --END-- [ RunTime:0.000679s ]

[ 2017-08-12T14:18:00+08:00 ] 127.0.0.1 /index.php/Admin/System/webconfig.html
INFO: [ app_init ] --START--
INFO: Run Behavior\BuildLiteBehavior [ RunTime:0.000007s ]
INFO: [ app_init ] --END-- [ RunTime:0.000505s ]
INFO: [ app_begin ] --START--
INFO: Run Behavior\ReadHtmlCacheBehavior [ RunTime:0.000516s ]
INFO: [ app_begin ] --END-- [ RunTime:0.000543s ]
SQL: SHOW COLUMNS FROM `zsf_admin_role` [ RunTime:0.0408s ]
SQL: SELECT d.`id`,d.`pid`,d.`name` FROM zsf_admin_role a  LEFT JOIN `zsf_role` b ON a.`admin_id` = b.`id`  LEFT JOIN `zsf_role_node` c ON b.`id` = c.`role_id`  LEFT JOIN `zsf_node` d ON d.`id` = c.`node_id`  WHERE a.`admin_id` = '1' AND b.`status` = 1 AND d.`status` = 1  [ RunTime:0.0421s ]
SQL: SHOW COLUMNS FROM `zsf_menu` [ RunTime:0.0415s ]
SQL: SELECT `id`,`title`,`icon`,`url`,`pid` FROM `zsf_menu` WHERE `status` = 1 ORDER BY sort ASC  [ RunTime:0.0427s ]
INFO: [ view_parse ] --START--
INFO: [ template_filter ] --START--
INFO: Run Behavior\ContentReplaceBehavior [ RunTime:0.000040s ]
INFO: [ template_filter ] --END-- [ RunTime:0.000085s ]
INFO: Run Behavior\ParseTemplateBehavior [ RunTime:0.007994s ]
INFO: [ view_parse ] --END-- [ RunTime:0.008053s ]
INFO: [ view_filter ] --START--
INFO: Run Behavior\WriteHtmlCacheBehavior [ RunTime:0.000616s ]
INFO: [ view_filter ] --END-- [ RunTime:0.000650s ]
INFO: [ app_end ] --START--
INFO: Run Behavior\ShowPageTraceBehavior [ RunTime:0.000878s ]
INFO: [ app_end ] --END-- [ RunTime:0.000913s ]

[ 2017-08-12T14:18:01+08:00 ] 127.0.0.1 /index.php/Admin/System/index/type/webconfig.html
INFO: [ app_init ] --START--
INFO: Run Behavior\BuildLiteBehavior [ RunTime:0.000008s ]
INFO: [ app_init ] --END-- [ RunTime:0.000768s ]
INFO: [ app_begin ] --START--
INFO: Run Behavior\ReadHtmlCacheBehavior [ RunTime:0.000495s ]
INFO: [ app_begin ] --END-- [ RunTime:0.000520s ]
SQL: SHOW COLUMNS FROM `zsf_admin_role` [ RunTime:0.0344s ]
SQL: SELECT d.`id`,d.`pid`,d.`name` FROM zsf_admin_role a  LEFT JOIN `zsf_role` b ON a.`admin_id` = b.`id`  LEFT JOIN `zsf_role_node` c ON b.`id` = c.`role_id`  LEFT JOIN `zsf_node` d ON d.`id` = c.`node_id`  WHERE a.`admin_id` = '1' AND b.`status` = 1 AND d.`status` = 1  [ RunTime:0.0286s ]
SQL: SHOW COLUMNS FROM `zsf_menu` [ RunTime:0.0298s ]
SQL: SELECT `id`,`title`,`icon`,`url`,`pid` FROM `zsf_menu` WHERE `status` = 1 ORDER BY sort ASC  [ RunTime:0.0297s ]
INFO: [ view_parse ] --START--
INFO: [ template_filter ] --START--
INFO: Run Behavior\ContentReplaceBehavior [ RunTime:0.000219s ]
INFO: [ template_filter ] --END-- [ RunTime:0.000245s ]
NOTIC: [8] Undefined index: groupname F:\www\tp3.2\App\Runtime\Cache\Admin\e02e6caa671634a6fda76293383b168e.php 第 371 行.
INFO: Run Behavior\ParseTemplateBehavior [ RunTime:0.008919s ]
INFO: [ view_parse ] --END-- [ RunTime:0.008944s ]
INFO: [ view_filter ] --START--
INFO: Run Behavior\WriteHtmlCacheBehavior [ RunTime:0.000396s ]
INFO: [ view_filter ] --END-- [ RunTime:0.000416s ]
INFO: [ app_end ] --START--
INFO: Run Behavior\ShowPageTraceBehavior [ RunTime:0.000708s ]
INFO: [ app_end ] --END-- [ RunTime:0.000731s ]

[ 2017-08-12T14:18:23+08:00 ] 127.0.0.1 /index.php/Admin/System/webconfig.html
INFO: [ app_init ] --START--
INFO: Run Behavior\BuildLiteBehavior [ RunTime:0.000006s ]
INFO: [ app_init ] --END-- [ RunTime:0.000496s ]
INFO: [ app_begin ] --START--
INFO: Run Behavior\ReadHtmlCacheBehavior [ RunTime:0.000500s ]
INFO: [ app_begin ] --END-- [ RunTime:0.000524s ]
SQL: SHOW COLUMNS FROM `zsf_admin_role` [ RunTime:0.0365s ]
SQL: SELECT d.`id`,d.`pid`,d.`name` FROM zsf_admin_role a  LEFT JOIN `zsf_role` b ON a.`admin_id` = b.`id`  LEFT JOIN `zsf_role_node` c ON b.`id` = c.`role_id`  LEFT JOIN `zsf_node` d ON d.`id` = c.`node_id`  WHERE a.`admin_id` = '1' AND b.`status` = 1 AND d.`status` = 1  [ RunTime:0.0320s ]
SQL: SHOW COLUMNS FROM `zsf_menu` [ RunTime:0.0345s ]
SQL: SELECT `id`,`title`,`icon`,`url`,`pid` FROM `zsf_menu` WHERE `status` = 1 ORDER BY sort ASC  [ RunTime:0.0322s ]
INFO: [ view_parse ] --START--
INFO: [ template_filter ] --START--
INFO: Run Behavior\ContentReplaceBehavior [ RunTime:0.000025s ]
INFO: [ template_filter ] --END-- [ RunTime:0.000054s ]
INFO: Run Behavior\ParseTemplateBehavior [ RunTime:0.005856s ]
INFO: [ view_parse ] --END-- [ RunTime:0.005917s ]
INFO: [ view_filter ] --START--
INFO: Run Behavior\WriteHtmlCacheBehavior [ RunTime:0.000469s ]
INFO: [ view_filter ] --END-- [ RunTime:0.000489s ]
INFO: [ app_end ] --START--
INFO: Run Behavior\ShowPageTraceBehavior [ RunTime:0.000607s ]
INFO: [ app_end ] --END-- [ RunTime:0.000628s ]

[ 2017-08-12T14:18:24+08:00 ] 127.0.0.1 /index.php/Admin/System/index/type/webconfig.html
INFO: [ app_init ] --START--
INFO: Run Behavior\BuildLiteBehavior [ RunTime:0.000008s ]
INFO: [ app_init ] --END-- [ RunTime:0.000537s ]
INFO: [ app_begin ] --START--
INFO: Run Behavior\ReadHtmlCacheBehavior [ RunTime:0.000528s ]
INFO: [ app_begin ] --END-- [ RunTime:0.000555s ]
SQL: SHOW COLUMNS FROM `zsf_admin_role` [ RunTime:0.0254s ]
SQL: SELECT d.`id`,d.`pid`,d.`name` FROM zsf_admin_role a  LEFT JOIN `zsf_role` b ON a.`admin_id` = b.`id`  LEFT JOIN `zsf_role_node` c ON b.`id` = c.`role_id`  LEFT JOIN `zsf_node` d ON d.`id` = c.`node_id`  WHERE a.`admin_id` = '1' AND b.`status` = 1 AND d.`status` = 1  [ RunTime:0.0256s ]
SQL: SHOW COLUMNS FROM `zsf_menu` [ RunTime:0.0276s ]
SQL: SELECT `id`,`title`,`icon`,`url`,`pid` FROM `zsf_menu` WHERE `status` = 1 ORDER BY sort ASC  [ RunTime:0.0312s ]
INFO: [ view_parse ] --START--
INFO: [ template_filter ] --START--
INFO: Run Behavior\ContentReplaceBehavior [ RunTime:0.000187s ]
INFO: [ template_filter ] --END-- [ RunTime:0.000219s ]
NOTIC: [8] Undefined index: groupname F:\www\tp3.2\App\Runtime\Cache\Admin\e02e6caa671634a6fda76293383b168e.php 第 371 行.
INFO: Run Behavior\ParseTemplateBehavior [ RunTime:0.012117s ]
INFO: [ view_parse ] --END-- [ RunTime:0.012162s ]
INFO: [ view_filter ] --START--
INFO: Run Behavior\WriteHtmlCacheBehavior [ RunTime:0.000496s ]
INFO: [ view_filter ] --END-- [ RunTime:0.000517s ]
INFO: [ app_end ] --START--
INFO: Run Behavior\ShowPageTraceBehavior [ RunTime:0.000731s ]
INFO: [ app_end ] --END-- [ RunTime:0.000773s ]

[ 2017-08-12T14:18:29+08:00 ] 127.0.0.1 /index.php/Admin/System/webconfig.html
INFO: [ app_init ] --START--
INFO: Run Behavior\BuildLiteBehavior [ RunTime:0.000006s ]
INFO: [ app_init ] --END-- [ RunTime:0.000468s ]
INFO: [ app_begin ] --START--
INFO: Run Behavior\ReadHtmlCacheBehavior [ RunTime:0.000503s ]
INFO: [ app_begin ] --END-- [ RunTime:0.000530s ]
SQL: SHOW COLUMNS FROM `zsf_admin_role` [ RunTime:0.0340s ]
SQL: SELECT d.`id`,d.`pid`,d.`name` FROM zsf_admin_role a  LEFT JOIN `zsf_role` b ON a.`admin_id` = b.`id`  LEFT JOIN `zsf_role_node` c ON b.`id` = c.`role_id`  LEFT JOIN `zsf_node` d ON d.`id` = c.`node_id`  WHERE a.`admin_id` = '1' AND b.`status` = 1 AND d.`status` = 1  [ RunTime:0.0307s ]
SQL: SHOW COLUMNS FROM `zsf_menu` [ RunTime:0.0310s ]
SQL: SELECT `id`,`title`,`icon`,`url`,`pid` FROM `zsf_menu` WHERE `status` = 1 ORDER BY sort ASC  [ RunTime:0.0316s ]
INFO: [ view_parse ] --START--
INFO: [ template_filter ] --START--
INFO: Run Behavior\ContentReplaceBehavior [ RunTime:0.000026s ]
INFO: [ template_filter ] --END-- [ RunTime:0.000052s ]
INFO: Run Behavior\ParseTemplateBehavior [ RunTime:0.005024s ]
INFO: [ view_parse ] --END-- [ RunTime:0.005081s ]
INFO: [ view_filter ] --START--
INFO: Run Behavior\WriteHtmlCacheBehavior [ RunTime:0.000336s ]
INFO: [ view_filter ] --END-- [ RunTime:0.000354s ]
INFO: [ app_end ] --START--
INFO: Run Behavior\ShowPageTraceBehavior [ RunTime:0.000500s ]
INFO: [ app_end ] --END-- [ RunTime:0.000521s ]

[ 2017-08-12T14:18:30+08:00 ] 127.0.0.1 /index.php/Admin/System/index/type/webconfig.html
INFO: [ app_init ] --START--
INFO: Run Behavior\BuildLiteBehavior [ RunTime:0.000008s ]
INFO: [ app_init ] --END-- [ RunTime:0.000549s ]
INFO: [ app_begin ] --START--
INFO: Run Behavior\ReadHtmlCacheBehavior [ RunTime:0.000598s ]
INFO: [ app_begin ] --END-- [ RunTime:0.000628s ]
SQL: SHOW COLUMNS FROM `zsf_admin_role` [ RunTime:0.0290s ]
SQL: SELECT d.`id`,d.`pid`,d.`name` FROM zsf_admin_role a  LEFT JOIN `zsf_role` b ON a.`admin_id` = b.`id`  LEFT JOIN `zsf_role_node` c ON b.`id` = c.`role_id`  LEFT JOIN `zsf_node` d ON d.`id` = c.`node_id`  WHERE a.`admin_id` = '1' AND b.`status` = 1 AND d.`status` = 1  [ RunTime:0.0287s ]
SQL: SHOW COLUMNS FROM `zsf_menu` [ RunTime:0.0290s ]
SQL: SELECT `id`,`title`,`icon`,`url`,`pid` FROM `zsf_menu` WHERE `status` = 1 ORDER BY sort ASC  [ RunTime:0.0283s ]
INFO: [ view_parse ] --START--
INFO: [ template_filter ] --START--
INFO: Run Behavior\ContentReplaceBehavior [ RunTime:0.000182s ]
INFO: [ template_filter ] --END-- [ RunTime:0.000208s ]
NOTIC: [8] Undefined index: groupname F:\www\tp3.2\App\Runtime\Cache\Admin\e02e6caa671634a6fda76293383b168e.php 第 371 行.
INFO: Run Behavior\ParseTemplateBehavior [ RunTime:0.009463s ]
INFO: [ view_parse ] --END-- [ RunTime:0.009487s ]
INFO: [ view_filter ] --START--
INFO: Run Behavior\WriteHtmlCacheBehavior [ RunTime:0.000390s ]
INFO: [ view_filter ] --END-- [ RunTime:0.000410s ]
INFO: [ app_end ] --START--
INFO: Run Behavior\ShowPageTraceBehavior [ RunTime:0.000612s ]
INFO: [ app_end ] --END-- [ RunTime:0.000641s ]

[ 2017-08-12T14:24:38+08:00 ] 127.0.0.1 /index.php/Admin/System/webconfig.html
INFO: [ app_init ] --START--
INFO: Run Behavior\BuildLiteBehavior [ RunTime:0.000007s ]
INFO: [ app_init ] --END-- [ RunTime:0.000432s ]
INFO: [ app_begin ] --START--
INFO: Run Behavior\ReadHtmlCacheBehavior [ RunTime:0.000515s ]
INFO: [ app_begin ] --END-- [ RunTime:0.000559s ]
SQL: SHOW COLUMNS FROM `zsf_admin_role` [ RunTime:0.0359s ]
SQL: SELECT d.`id`,d.`pid`,d.`name` FROM zsf_admin_role a  LEFT JOIN `zsf_role` b ON a.`admin_id` = b.`id`  LEFT JOIN `zsf_role_node` c ON b.`id` = c.`role_id`  LEFT JOIN `zsf_node` d ON d.`id` = c.`node_id`  WHERE a.`admin_id` = '1' AND b.`status` = 1 AND d.`status` = 1  [ RunTime:0.0370s ]
SQL: SHOW COLUMNS FROM `zsf_menu` [ RunTime:0.0377s ]
SQL: SELECT `id`,`title`,`icon`,`url`,`pid` FROM `zsf_menu` WHERE `status` = 1 ORDER BY sort ASC  [ RunTime:0.0388s ]
INFO: [ view_parse ] --START--
INFO: [ template_filter ] --START--
INFO: Run Behavior\ContentReplaceBehavior [ RunTime:0.000081s ]
INFO: [ template_filter ] --END-- [ RunTime:0.000169s ]
INFO: Run Behavior\ParseTemplateBehavior [ RunTime:0.014481s ]
INFO: [ view_parse ] --END-- [ RunTime:0.014570s ]
INFO: [ view_filter ] --START--
INFO: Run Behavior\WriteHtmlCacheBehavior [ RunTime:0.000965s ]
INFO: [ view_filter ] --END-- [ RunTime:0.001031s ]
INFO: [ app_end ] --START--
INFO: Run Behavior\ShowPageTraceBehavior [ RunTime:0.001404s ]
INFO: [ app_end ] --END-- [ RunTime:0.001460s ]

[ 2017-08-12T14:24:40+08:00 ] 127.0.0.1 /index.php/Admin/System/index/type/webconfig.html
INFO: [ app_init ] --START--
INFO: Run Behavior\BuildLiteBehavior [ RunTime:0.000006s ]
INFO: [ app_init ] --END-- [ RunTime:0.000471s ]
INFO: [ app_begin ] --START--
INFO: Run Behavior\ReadHtmlCacheBehavior [ RunTime:0.000472s ]
INFO: [ app_begin ] --END-- [ RunTime:0.000495s ]
SQL: SHOW COLUMNS FROM `zsf_admin_role` [ RunTime:0.0402s ]
SQL: SELECT d.`id`,d.`pid`,d.`name` FROM zsf_admin_role a  LEFT JOIN `zsf_role` b ON a.`admin_id` = b.`id`  LEFT JOIN `zsf_role_node` c ON b.`id` = c.`role_id`  LEFT JOIN `zsf_node` d ON d.`id` = c.`node_id`  WHERE a.`admin_id` = '1' AND b.`status` = 1 AND d.`status` = 1  [ RunTime:0.0277s ]
SQL: SHOW COLUMNS FROM `zsf_menu` [ RunTime:0.0238s ]
SQL: SELECT `id`,`title`,`icon`,`url`,`pid` FROM `zsf_menu` WHERE `status` = 1 ORDER BY sort ASC  [ RunTime:0.0258s ]
INFO: [ view_parse ] --START--
INFO: [ template_filter ] --START--
INFO: Run Behavior\ContentReplaceBehavior [ RunTime:0.000367s ]
INFO: [ template_filter ] --END-- [ RunTime:0.000414s ]
NOTIC: [8] Undefined index: groupname F:\www\tp3.2\App\Runtime\Cache\Admin\e02e6caa671634a6fda76293383b168e.php 第 371 行.
INFO: Run Behavior\ParseTemplateBehavior [ RunTime:0.010158s ]
INFO: [ view_parse ] --END-- [ RunTime:0.010185s ]
INFO: [ view_filter ] --START--
INFO: Run Behavior\WriteHtmlCacheBehavior [ RunTime:0.000546s ]
INFO: [ view_filter ] --END-- [ RunTime:0.000589s ]
INFO: [ app_end ] --START--
INFO: Run Behavior\ShowPageTraceBehavior [ RunTime:0.000665s ]
INFO: [ app_end ] --END-- [ RunTime:0.000695s ]

[ 2017-08-12T14:24:52+08:00 ] 127.0.0.1 /index.php/Admin/System/webconfig.html
INFO: [ app_init ] --START--
INFO: Run Behavior\BuildLiteBehavior [ RunTime:0.000005s ]
INFO: [ app_init ] --END-- [ RunTime:0.000445s ]
INFO: [ app_begin ] --START--
INFO: Run Behavior\ReadHtmlCacheBehavior [ RunTime:0.001728s ]
INFO: [ app_begin ] --END-- [ RunTime:0.001846s ]
SQL: SHOW COLUMNS FROM `zsf_admin_role` [ RunTime:0.0476s ]
SQL: SELECT d.`id`,d.`pid`,d.`name` FROM zsf_admin_role a  LEFT JOIN `zsf_role` b ON a.`admin_id` = b.`id`  LEFT JOIN `zsf_role_node` c ON b.`id` = c.`role_id`  LEFT JOIN `zsf_node` d ON d.`id` = c.`node_id`  WHERE a.`admin_id` = '1' AND b.`status` = 1 AND d.`status` = 1  [ RunTime:0.0834s ]
SQL: SHOW COLUMNS FROM `zsf_menu` [ RunTime:0.0826s ]
SQL: SELECT `id`,`title`,`icon`,`url`,`pid` FROM `zsf_menu` WHERE `status` = 1 ORDER BY sort ASC  [ RunTime:0.0373s ]
INFO: [ view_parse ] --START--
INFO: [ template_filter ] --START--
INFO: Run Behavior\ContentReplaceBehavior [ RunTime:0.000162s ]
INFO: [ template_filter ] --END-- [ RunTime:0.000381s ]
INFO: Run Behavior\ParseTemplateBehavior [ RunTime:0.011108s ]
INFO: [ view_parse ] --END-- [ RunTime:0.011180s ]
INFO: [ view_filter ] --START--
INFO: Run Behavior\WriteHtmlCacheBehavior [ RunTime:0.000675s ]
INFO: [ view_filter ] --END-- [ RunTime:0.000715s ]
INFO: [ app_end ] --START--
INFO: Run Behavior\ShowPageTraceBehavior [ RunTime:0.000918s ]
INFO: [ app_end ] --END-- [ RunTime:0.000956s ]

[ 2017-08-12T14:24:53+08:00 ] 127.0.0.1 /index.php/Admin/System/index/type/webconfig.html
INFO: [ app_init ] --START--
INFO: Run Behavior\BuildLiteBehavior [ RunTime:0.000008s ]
INFO: [ app_init ] --END-- [ RunTime:0.000604s ]
INFO: [ app_begin ] --START--
INFO: Run Behavior\ReadHtmlCacheBehavior [ RunTime:0.000553s ]
INFO: [ app_begin ] --END-- [ RunTime:0.000582s ]
SQL: SHOW COLUMNS FROM `zsf_admin_role` [ RunTime:0.0512s ]
SQL: SELECT d.`id`,d.`pid`,d.`name` FROM zsf_admin_role a  LEFT JOIN `zsf_role` b ON a.`admin_id` = b.`id`  LEFT JOIN `zsf_role_node` c ON b.`id` = c.`role_id`  LEFT JOIN `zsf_node` d ON d.`id` = c.`node_id`  WHERE a.`admin_id` = '1' AND b.`status` = 1 AND d.`status` = 1  [ RunTime:0.0346s ]
SQL: SHOW COLUMNS FROM `zsf_menu` [ RunTime:0.0322s ]
SQL: SELECT `id`,`title`,`icon`,`url`,`pid` FROM `zsf_menu` WHERE `status` = 1 ORDER BY sort ASC  [ RunTime:0.0331s ]
INFO: [ view_parse ] --START--
INFO: [ template_filter ] --START--
INFO: Run Behavior\ContentReplaceBehavior [ RunTime:0.000184s ]
INFO: [ template_filter ] --END-- [ RunTime:0.000209s ]
NOTIC: [8] Undefined index: groupname F:\www\tp3.2\App\Runtime\Cache\Admin\e02e6caa671634a6fda76293383b168e.php 第 371 行.
INFO: Run Behavior\ParseTemplateBehavior [ RunTime:0.009181s ]
INFO: [ view_parse ] --END-- [ RunTime:0.009205s ]
INFO: [ view_filter ] --START--
INFO: Run Behavior\WriteHtmlCacheBehavior [ RunTime:0.000359s ]
INFO: [ view_filter ] --END-- [ RunTime:0.000377s ]
INFO: [ app_end ] --START--
INFO: Run Behavior\ShowPageTraceBehavior [ RunTime:0.000610s ]
INFO: [ app_end ] --END-- [ RunTime:0.000637s ]

[ 2017-08-12T14:24:59+08:00 ] 127.0.0.1 /index.php/Admin/System/webconfig.html
INFO: [ app_init ] --START--
INFO: Run Behavior\BuildLiteBehavior [ RunTime:0.000006s ]
INFO: [ app_init ] --END-- [ RunTime:0.000419s ]
INFO: [ app_begin ] --START--
INFO: Run Behavior\ReadHtmlCacheBehavior [ RunTime:0.000490s ]
INFO: [ app_begin ] --END-- [ RunTime:0.000515s ]
SQL: SHOW COLUMNS FROM `zsf_admin_role` [ RunTime:0.0303s ]
SQL: SELECT d.`id`,d.`pid`,d.`name` FROM zsf_admin_role a  LEFT JOIN `zsf_role` b ON a.`admin_id` = b.`id`  LEFT JOIN `zsf_role_node` c ON b.`id` = c.`role_id`  LEFT JOIN `zsf_node` d ON d.`id` = c.`node_id`  WHERE a.`admin_id` = '1' AND b.`status` = 1 AND d.`status` = 1  [ RunTime:0.0329s ]
SQL: SHOW COLUMNS FROM `zsf_menu` [ RunTime:0.0339s ]
SQL: SELECT `id`,`title`,`icon`,`url`,`pid` FROM `zsf_menu` WHERE `status` = 1 ORDER BY sort ASC  [ RunTime:0.0310s ]
INFO: [ view_parse ] --START--
INFO: [ template_filter ] --START--
INFO: Run Behavior\ContentReplaceBehavior [ RunTime:0.000064s ]
INFO: [ template_filter ] --END-- [ RunTime:0.000133s ]
INFO: Run Behavior\ParseTemplateBehavior [ RunTime:0.012819s ]
INFO: [ view_parse ] --END-- [ RunTime:0.012901s ]
INFO: [ view_filter ] --START--
INFO: Run Behavior\WriteHtmlCacheBehavior [ RunTime:0.000855s ]
INFO: [ view_filter ] --END-- [ RunTime:0.000905s ]
INFO: [ app_end ] --START--
INFO: Run Behavior\ShowPageTraceBehavior [ RunTime:0.001088s ]
INFO: [ app_end ] --END-- [ RunTime:0.001132s ]

[ 2017-08-12T14:25:00+08:00 ] 127.0.0.1 /index.php/Admin/System/index/type/webconfig.html
INFO: [ app_init ] --START--
INFO: Run Behavior\BuildLiteBehavior [ RunTime:0.000011s ]
INFO: [ app_init ] --END-- [ RunTime:0.001160s ]
INFO: [ app_begin ] --START--
INFO: Run Behavior\ReadHtmlCacheBehavior [ RunTime:0.000622s ]
INFO: [ app_begin ] --END-- [ RunTime:0.000657s ]
SQL: SHOW COLUMNS FROM `zsf_admin_role` [ RunTime:0.0393s ]
SQL: SELECT d.`id`,d.`pid`,d.`name` FROM zsf_admin_role a  LEFT JOIN `zsf_role` b ON a.`admin_id` = b.`id`  LEFT JOIN `zsf_role_node` c ON b.`id` = c.`role_id`  LEFT JOIN `zsf_node` d ON d.`id` = c.`node_id`  WHERE a.`admin_id` = '1' AND b.`status` = 1 AND d.`status` = 1  [ RunTime:0.0633s ]
SQL: SHOW COLUMNS FROM `zsf_menu` [ RunTime:0.0364s ]
SQL: SELECT `id`,`title`,`icon`,`url`,`pid` FROM `zsf_menu` WHERE `status` = 1 ORDER BY sort ASC  [ RunTime:0.0347s ]
INFO: [ view_parse ] --START--
INFO: [ template_filter ] --START--
INFO: Run Behavior\ContentReplaceBehavior [ RunTime:0.000222s ]
INFO: [ template_filter ] --END-- [ RunTime:0.000244s ]
NOTIC: [8] Undefined index: groupname F:\www\tp3.2\App\Runtime\Cache\Admin\e02e6caa671634a6fda76293383b168e.php 第 371 行.
INFO: Run Behavior\ParseTemplateBehavior [ RunTime:0.008171s ]
INFO: [ view_parse ] --END-- [ RunTime:0.008193s ]
INFO: [ view_filter ] --START--
INFO: Run Behavior\WriteHtmlCacheBehavior [ RunTime:0.000433s ]
INFO: [ view_filter ] --END-- [ RunTime:0.000453s ]
INFO: [ app_end ] --START--
INFO: Run Behavior\ShowPageTraceBehavior [ RunTime:0.000521s ]
INFO: [ app_end ] --END-- [ RunTime:0.000547s ]

[ 2017-08-12T14:25:02+08:00 ] 127.0.0.1 /index.php/Admin/System/index/type/dataconfig.html
INFO: [ app_init ] --START--
INFO: Run Behavior\BuildLiteBehavior [ RunTime:0.000007s ]
INFO: [ app_init ] --END-- [ RunTime:0.000490s ]
INFO: [ app_begin ] --START--
INFO: Run Behavior\ReadHtmlCacheBehavior [ RunTime:0.000497s ]
INFO: [ app_begin ] --END-- [ RunTime:0.000521s ]
SQL: SHOW COLUMNS FROM `zsf_admin_role` [ RunTime:0.0365s ]
SQL: SELECT d.`id`,d.`pid`,d.`name` FROM zsf_admin_role a  LEFT JOIN `zsf_role` b ON a.`admin_id` = b.`id`  LEFT JOIN `zsf_role_node` c ON b.`id` = c.`role_id`  LEFT JOIN `zsf_node` d ON d.`id` = c.`node_id`  WHERE a.`admin_id` = '1' AND b.`status` = 1 AND d.`status` = 1  [ RunTime:0.0375s ]
SQL: SHOW COLUMNS FROM `zsf_menu` [ RunTime:0.0376s ]
SQL: SELECT `id`,`title`,`icon`,`url`,`pid` FROM `zsf_menu` WHERE `status` = 1 ORDER BY sort ASC  [ RunTime:0.0361s ]
INFO: [ view_parse ] --START--
INFO: [ template_filter ] --START--
INFO: Run Behavior\ContentReplaceBehavior [ RunTime:0.000228s ]
INFO: [ template_filter ] --END-- [ RunTime:0.000254s ]
NOTIC: [8] Undefined index: groupname F:\www\tp3.2\App\Runtime\Cache\Admin\6b995402b18a9ff625fedb834acc8830.php 第 371 行.
INFO: Run Behavior\ParseTemplateBehavior [ RunTime:0.027676s ]
INFO: [ view_parse ] --END-- [ RunTime:0.027701s ]
INFO: [ view_filter ] --START--
INFO: Run Behavior\WriteHtmlCacheBehavior [ RunTime:0.000719s ]
INFO: [ view_filter ] --END-- [ RunTime:0.000773s ]
INFO: [ app_end ] --START--
INFO: Run Behavior\ShowPageTraceBehavior [ RunTime:0.000651s ]
INFO: [ app_end ] --END-- [ RunTime:0.000680s ]

[ 2017-08-12T14:25:03+08:00 ] 127.0.0.1 /index.php/Admin/System/index/type/webconfig.html
INFO: [ app_init ] --START--
INFO: Run Behavior\BuildLiteBehavior [ RunTime:0.000007s ]
INFO: [ app_init ] --END-- [ RunTime:0.000448s ]
INFO: [ app_begin ] --START--
INFO: Run Behavior\ReadHtmlCacheBehavior [ RunTime:0.000498s ]
INFO: [ app_begin ] --END-- [ RunTime:0.000521s ]
SQL: SHOW COLUMNS FROM `zsf_admin_role` [ RunTime:0.0524s ]
SQL: SELECT d.`id`,d.`pid`,d.`name` FROM zsf_admin_role a  LEFT JOIN `zsf_role` b ON a.`admin_id` = b.`id`  LEFT JOIN `zsf_role_node` c ON b.`id` = c.`role_id`  LEFT JOIN `zsf_node` d ON d.`id` = c.`node_id`  WHERE a.`admin_id` = '1' AND b.`status` = 1 AND d.`status` = 1  [ RunTime:0.0417s ]
SQL: SHOW COLUMNS FROM `zsf_menu` [ RunTime:0.0449s ]
SQL: SELECT `id`,`title`,`icon`,`url`,`pid` FROM `zsf_menu` WHERE `status` = 1 ORDER BY sort ASC  [ RunTime:0.0572s ]
INFO: [ view_parse ] --START--
INFO: [ template_filter ] --START--
INFO: Run Behavior\ContentReplaceBehavior [ RunTime:0.000176s ]
INFO: [ template_filter ] --END-- [ RunTime:0.000198s ]
NOTIC: [8] Undefined index: groupname F:\www\tp3.2\App\Runtime\Cache\Admin\e02e6caa671634a6fda76293383b168e.php 第 371 行.
INFO: Run Behavior\ParseTemplateBehavior [ RunTime:0.010864s ]
INFO: [ view_parse ] --END-- [ RunTime:0.010912s ]
INFO: [ view_filter ] --START--
INFO: Run Behavior\WriteHtmlCacheBehavior [ RunTime:0.000411s ]
INFO: [ view_filter ] --END-- [ RunTime:0.000437s ]
INFO: [ app_end ] --START--
INFO: Run Behavior\ShowPageTraceBehavior [ RunTime:0.000626s ]
INFO: [ app_end ] --END-- [ RunTime:0.000655s ]

[ 2017-08-12T14:25:05+08:00 ] 127.0.0.1 /index.php/Admin/System/index/type/webconfig.html
INFO: [ app_init ] --START--
INFO: Run Behavior\BuildLiteBehavior [ RunTime:0.000008s ]
INFO: [ app_init ] --END-- [ RunTime:0.000609s ]
INFO: [ app_begin ] --START--
INFO: Run Behavior\ReadHtmlCacheBehavior [ RunTime:0.000586s ]
INFO: [ app_begin ] --END-- [ RunTime:0.000616s ]
SQL: SHOW COLUMNS FROM `zsf_admin_role` [ RunTime:0.0406s ]
SQL: SELECT d.`id`,d.`pid`,d.`name` FROM zsf_admin_role a  LEFT JOIN `zsf_role` b ON a.`admin_id` = b.`id`  LEFT JOIN `zsf_role_node` c ON b.`id` = c.`role_id`  LEFT JOIN `zsf_node` d ON d.`id` = c.`node_id`  WHERE a.`admin_id` = '1' AND b.`status` = 1 AND d.`status` = 1  [ RunTime:0.0353s ]
SQL: SHOW COLUMNS FROM `zsf_menu` [ RunTime:0.0370s ]
SQL: SELECT `id`,`title`,`icon`,`url`,`pid` FROM `zsf_menu` WHERE `status` = 1 ORDER BY sort ASC  [ RunTime:0.0361s ]
INFO: [ view_parse ] --START--
INFO: [ template_filter ] --START--
INFO: Run Behavior\ContentReplaceBehavior [ RunTime:0.000207s ]
INFO: [ template_filter ] --END-- [ RunTime:0.000247s ]
NOTIC: [8] Undefined index: groupname F:\www\tp3.2\App\Runtime\Cache\Admin\e02e6caa671634a6fda76293383b168e.php 第 371 行.
INFO: Run Behavior\ParseTemplateBehavior [ RunTime:0.009757s ]
INFO: [ view_parse ] --END-- [ RunTime:0.009782s ]
INFO: [ view_filter ] --START--
INFO: Run Behavior\WriteHtmlCacheBehavior [ RunTime:0.000417s ]
INFO: [ view_filter ] --END-- [ RunTime:0.000437s ]
INFO: [ app_end ] --START--
INFO: Run Behavior\ShowPageTraceBehavior [ RunTime:0.000669s ]
INFO: [ app_end ] --END-- [ RunTime:0.000698s ]

[ 2017-08-12T14:25:12+08:00 ] 127.0.0.1 /index.php/Admin/System/webconfig.html
INFO: [ app_init ] --START--
INFO: Run Behavior\BuildLiteBehavior [ RunTime:0.000007s ]
INFO: [ app_init ] --END-- [ RunTime:0.000448s ]
INFO: [ app_begin ] --START--
INFO: Run Behavior\ReadHtmlCacheBehavior [ RunTime:0.000482s ]
INFO: [ app_begin ] --END-- [ RunTime:0.000507s ]
SQL: SHOW COLUMNS FROM `zsf_admin_role` [ RunTime:0.0335s ]
SQL: SELECT d.`id`,d.`pid`,d.`name` FROM zsf_admin_role a  LEFT JOIN `zsf_role` b ON a.`admin_id` = b.`id`  LEFT JOIN `zsf_role_node` c ON b.`id` = c.`role_id`  LEFT JOIN `zsf_node` d ON d.`id` = c.`node_id`  WHERE a.`admin_id` = '1' AND b.`status` = 1 AND d.`status` = 1  [ RunTime:0.0315s ]
SQL: SHOW COLUMNS FROM `zsf_menu` [ RunTime:0.0335s ]
SQL: SELECT `id`,`title`,`icon`,`url`,`pid` FROM `zsf_menu` WHERE `status` = 1 ORDER BY sort ASC  [ RunTime:0.0329s ]
INFO: [ view_parse ] --START--
INFO: [ template_filter ] --START--
INFO: Run Behavior\ContentReplaceBehavior [ RunTime:0.000066s ]
INFO: [ template_filter ] --END-- [ RunTime:0.000155s ]
INFO: Run Behavior\ParseTemplateBehavior [ RunTime:0.013149s ]
INFO: [ view_parse ] --END-- [ RunTime:0.013233s ]
INFO: [ view_filter ] --START--
INFO: Run Behavior\WriteHtmlCacheBehavior [ RunTime:0.001026s ]
INFO: [ view_filter ] --END-- [ RunTime:0.001084s ]
INFO: [ app_end ] --START--
INFO: Run Behavior\ShowPageTraceBehavior [ RunTime:0.001421s ]
INFO: [ app_end ] --END-- [ RunTime:0.001480s ]

[ 2017-08-12T14:25:13+08:00 ] 127.0.0.1 /index.php/Admin/System/index/type/webconfig.html
INFO: [ app_init ] --START--
INFO: Run Behavior\BuildLiteBehavior [ RunTime:0.000006s ]
INFO: [ app_init ] --END-- [ RunTime:0.000439s ]
INFO: [ app_begin ] --START--
INFO: Run Behavior\ReadHtmlCacheBehavior [ RunTime:0.000452s ]
INFO: [ app_begin ] --END-- [ RunTime:0.000477s ]
SQL: SHOW COLUMNS FROM `zsf_admin_role` [ RunTime:0.0307s ]
SQL: SELECT d.`id`,d.`pid`,d.`name` FROM zsf_admin_role a  LEFT JOIN `zsf_role` b ON a.`admin_id` = b.`id`  LEFT JOIN `zsf_role_node` c ON b.`id` = c.`role_id`  LEFT JOIN `zsf_node` d ON d.`id` = c.`node_id`  WHERE a.`admin_id` = '1' AND b.`status` = 1 AND d.`status` = 1  [ RunTime:0.0291s ]
SQL: SHOW COLUMNS FROM `zsf_menu` [ RunTime:0.0289s ]
SQL: SELECT `id`,`title`,`icon`,`url`,`pid` FROM `zsf_menu` WHERE `status` = 1 ORDER BY sort ASC  [ RunTime:0.0305s ]
INFO: [ view_parse ] --START--
INFO: [ template_filter ] --START--
INFO: Run Behavior\ContentReplaceBehavior [ RunTime:0.000223s ]
INFO: [ template_filter ] --END-- [ RunTime:0.000251s ]
NOTIC: [8] Undefined index: groupname F:\www\tp3.2\App\Runtime\Cache\Admin\e02e6caa671634a6fda76293383b168e.php 第 371 行.
INFO: Run Behavior\ParseTemplateBehavior [ RunTime:0.009130s ]
INFO: [ view_parse ] --END-- [ RunTime:0.009166s ]
INFO: [ view_filter ] --START--
INFO: Run Behavior\WriteHtmlCacheBehavior [ RunTime:0.000399s ]
INFO: [ view_filter ] --END-- [ RunTime:0.000422s ]
INFO: [ app_end ] --START--
INFO: Run Behavior\ShowPageTraceBehavior [ RunTime:0.000636s ]
INFO: [ app_end ] --END-- [ RunTime:0.000668s ]

[ 2017-08-12T14:25:15+08:00 ] 127.0.0.1 /index.php/Admin/System/index/type/dataconfig.html
INFO: [ app_init ] --START--
INFO: Run Behavior\BuildLiteBehavior [ RunTime:0.000007s ]
INFO: [ app_init ] --END-- [ RunTime:0.000527s ]
INFO: [ app_begin ] --START--
INFO: Run Behavior\ReadHtmlCacheBehavior [ RunTime:0.000507s ]
INFO: [ app_begin ] --END-- [ RunTime:0.000534s ]
SQL: SHOW COLUMNS FROM `zsf_admin_role` [ RunTime:0.0396s ]
SQL: SELECT d.`id`,d.`pid`,d.`name` FROM zsf_admin_role a  LEFT JOIN `zsf_role` b ON a.`admin_id` = b.`id`  LEFT JOIN `zsf_role_node` c ON b.`id` = c.`role_id`  LEFT JOIN `zsf_node` d ON d.`id` = c.`node_id`  WHERE a.`admin_id` = '1' AND b.`status` = 1 AND d.`status` = 1  [ RunTime:0.0385s ]
SQL: SHOW COLUMNS FROM `zsf_menu` [ RunTime:0.0397s ]
SQL: SELECT `id`,`title`,`icon`,`url`,`pid` FROM `zsf_menu` WHERE `status` = 1 ORDER BY sort ASC  [ RunTime:0.0401s ]
INFO: [ view_parse ] --START--
INFO: [ template_filter ] --START--
INFO: Run Behavior\ContentReplaceBehavior [ RunTime:0.000201s ]
INFO: [ template_filter ] --END-- [ RunTime:0.000225s ]
NOTIC: [8] Undefined index: groupname F:\www\tp3.2\App\Runtime\Cache\Admin\6b995402b18a9ff625fedb834acc8830.php 第 371 行.
INFO: Run Behavior\ParseTemplateBehavior [ RunTime:0.009762s ]
INFO: [ view_parse ] --END-- [ RunTime:0.009796s ]
INFO: [ view_filter ] --START--
INFO: Run Behavior\WriteHtmlCacheBehavior [ RunTime:0.000487s ]
INFO: [ view_filter ] --END-- [ RunTime:0.000521s ]
INFO: [ app_end ] --START--
INFO: Run Behavior\ShowPageTraceBehavior [ RunTime:0.000639s ]
INFO: [ app_end ] --END-- [ RunTime:0.000675s ]

[ 2017-08-12T14:25:16+08:00 ] 127.0.0.1 /index.php/Admin/System/index/type/webconfig.html
INFO: [ app_init ] --START--
INFO: Run Behavior\BuildLiteBehavior [ RunTime:0.000005s ]
INFO: [ app_init ] --END-- [ RunTime:0.000400s ]
INFO: [ app_begin ] --START--
INFO: Run Behavior\ReadHtmlCacheBehavior [ RunTime:0.000472s ]
INFO: [ app_begin ] --END-- [ RunTime:0.000494s ]
SQL: SHOW COLUMNS FROM `zsf_admin_role` [ RunTime:0.0292s ]
SQL: SELECT d.`id`,d.`pid`,d.`name` FROM zsf_admin_role a  LEFT JOIN `zsf_role` b ON a.`admin_id` = b.`id`  LEFT JOIN `zsf_role_node` c ON b.`id` = c.`role_id`  LEFT JOIN `zsf_node` d ON d.`id` = c.`node_id`  WHERE a.`admin_id` = '1' AND b.`status` = 1 AND d.`status` = 1  [ RunTime:0.0311s ]
SQL: SHOW COLUMNS FROM `zsf_menu` [ RunTime:0.0306s ]
SQL: SELECT `id`,`title`,`icon`,`url`,`pid` FROM `zsf_menu` WHERE `status` = 1 ORDER BY sort ASC  [ RunTime:0.0294s ]
INFO: [ view_parse ] --START--
INFO: [ template_filter ] --START--
INFO: Run Behavior\ContentReplaceBehavior [ RunTime:0.000317s ]
INFO: [ template_filter ] --END-- [ RunTime:0.000360s ]
NOTIC: [8] Undefined index: groupname F:\www\tp3.2\App\Runtime\Cache\Admin\e02e6caa671634a6fda76293383b168e.php 第 371 行.
INFO: Run Behavior\ParseTemplateBehavior [ RunTime:0.018815s ]
INFO: [ view_parse ] --END-- [ RunTime:0.018864s ]
INFO: [ view_filter ] --START--
INFO: Run Behavior\WriteHtmlCacheBehavior [ RunTime:0.000348s ]
INFO: [ view_filter ] --END-- [ RunTime:0.000365s ]
INFO: [ app_end ] --START--
INFO: Run Behavior\ShowPageTraceBehavior [ RunTime:0.000508s ]
INFO: [ app_end ] --END-- [ RunTime:0.000530s ]

[ 2017-08-12T14:25:23+08:00 ] 127.0.0.1 /index.php/Admin/System/webconfig.html
INFO: [ app_init ] --START--
INFO: Run Behavior\BuildLiteBehavior [ RunTime:0.000006s ]
INFO: [ app_init ] --END-- [ RunTime:0.000475s ]
INFO: [ app_begin ] --START--
INFO: Run Behavior\ReadHtmlCacheBehavior [ RunTime:0.000500s ]
INFO: [ app_begin ] --END-- [ RunTime:0.000526s ]
SQL: SHOW COLUMNS FROM `zsf_admin_role` [ RunTime:0.0302s ]
SQL: SELECT d.`id`,d.`pid`,d.`name` FROM zsf_admin_role a  LEFT JOIN `zsf_role` b ON a.`admin_id` = b.`id`  LEFT JOIN `zsf_role_node` c ON b.`id` = c.`role_id`  LEFT JOIN `zsf_node` d ON d.`id` = c.`node_id`  WHERE a.`admin_id` = '1' AND b.`status` = 1 AND d.`status` = 1  [ RunTime:0.0537s ]
SQL: SHOW COLUMNS FROM `zsf_menu` [ RunTime:0.0424s ]
SQL: SELECT `id`,`title`,`icon`,`url`,`pid` FROM `zsf_menu` WHERE `status` = 1 ORDER BY sort ASC  [ RunTime:0.0289s ]
INFO: [ view_parse ] --START--
INFO: [ template_filter ] --START--
INFO: Run Behavior\ContentReplaceBehavior [ RunTime:0.000024s ]
INFO: [ template_filter ] --END-- [ RunTime:0.000048s ]
INFO: Run Behavior\ParseTemplateBehavior [ RunTime:0.003979s ]
INFO: [ view_parse ] --END-- [ RunTime:0.004034s ]
INFO: [ view_filter ] --START--
INFO: Run Behavior\WriteHtmlCacheBehavior [ RunTime:0.000381s ]
INFO: [ view_filter ] --END-- [ RunTime:0.000402s ]
INFO: [ app_end ] --START--
INFO: Run Behavior\ShowPageTraceBehavior [ RunTime:0.000519s ]
INFO: [ app_end ] --END-- [ RunTime:0.000538s ]

[ 2017-08-12T14:25:25+08:00 ] 127.0.0.1 /index.php/Admin/System/index/type/webconfig.html
INFO: [ app_init ] --START--
INFO: Run Behavior\BuildLiteBehavior [ RunTime:0.000008s ]
INFO: [ app_init ] --END-- [ RunTime:0.000583s ]
INFO: [ app_begin ] --START--
INFO: Run Behavior\ReadHtmlCacheBehavior [ RunTime:0.000555s ]
INFO: [ app_begin ] --END-- [ RunTime:0.000584s ]
SQL: SHOW COLUMNS FROM `zsf_admin_role` [ RunTime:0.0323s ]
SQL: SELECT d.`id`,d.`pid`,d.`name` FROM zsf_admin_role a  LEFT JOIN `zsf_role` b ON a.`admin_id` = b.`id`  LEFT JOIN `zsf_role_node` c ON b.`id` = c.`role_id`  LEFT JOIN `zsf_node` d ON d.`id` = c.`node_id`  WHERE a.`admin_id` = '1' AND b.`status` = 1 AND d.`status` = 1  [ RunTime:0.0314s ]
SQL: SHOW COLUMNS FROM `zsf_menu` [ RunTime:0.0318s ]
SQL: SELECT `id`,`title`,`icon`,`url`,`pid` FROM `zsf_menu` WHERE `status` = 1 ORDER BY sort ASC  [ RunTime:0.0309s ]
INFO: [ view_parse ] --START--
INFO: [ template_filter ] --START--
INFO: Run Behavior\ContentReplaceBehavior [ RunTime:0.000253s ]
INFO: [ template_filter ] --END-- [ RunTime:0.000286s ]
NOTIC: [8] Undefined index: groupname F:\www\tp3.2\App\Runtime\Cache\Admin\e02e6caa671634a6fda76293383b168e.php 第 371 行.
INFO: Run Behavior\ParseTemplateBehavior [ RunTime:0.009196s ]
INFO: [ view_parse ] --END-- [ RunTime:0.009220s ]
INFO: [ view_filter ] --START--
INFO: Run Behavior\WriteHtmlCacheBehavior [ RunTime:0.000369s ]
INFO: [ view_filter ] --END-- [ RunTime:0.000388s ]
INFO: [ app_end ] --START--
INFO: Run Behavior\ShowPageTraceBehavior [ RunTime:0.000606s ]
INFO: [ app_end ] --END-- [ RunTime:0.000633s ]

[ 2017-08-12T14:25:27+08:00 ] 127.0.0.1 /index.php/Admin/System/index/type/webconfig.html
INFO: [ app_init ] --START--
INFO: Run Behavior\BuildLiteBehavior [ RunTime:0.000007s ]
INFO: [ app_init ] --END-- [ RunTime:0.000525s ]
INFO: [ app_begin ] --START--
INFO: Run Behavior\ReadHtmlCacheBehavior [ RunTime:0.000499s ]
INFO: [ app_begin ] --END-- [ RunTime:0.000522s ]
SQL: SHOW COLUMNS FROM `zsf_admin_role` [ RunTime:0.0380s ]
SQL: SELECT d.`id`,d.`pid`,d.`name` FROM zsf_admin_role a  LEFT JOIN `zsf_role` b ON a.`admin_id` = b.`id`  LEFT JOIN `zsf_role_node` c ON b.`id` = c.`role_id`  LEFT JOIN `zsf_node` d ON d.`id` = c.`node_id`  WHERE a.`admin_id` = '1' AND b.`status` = 1 AND d.`status` = 1  [ RunTime:0.0380s ]
SQL: SHOW COLUMNS FROM `zsf_menu` [ RunTime:0.0388s ]
SQL: SELECT `id`,`title`,`icon`,`url`,`pid` FROM `zsf_menu` WHERE `status` = 1 ORDER BY sort ASC  [ RunTime:0.0386s ]
INFO: [ view_parse ] --START--
INFO: [ template_filter ] --START--
INFO: Run Behavior\ContentReplaceBehavior [ RunTime:0.000402s ]
INFO: [ template_filter ] --END-- [ RunTime:0.000458s ]
NOTIC: [8] Undefined index: groupname F:\www\tp3.2\App\Runtime\Cache\Admin\e02e6caa671634a6fda76293383b168e.php 第 371 行.
INFO: Run Behavior\ParseTemplateBehavior [ RunTime:0.022151s ]
INFO: [ view_parse ] --END-- [ RunTime:0.022206s ]
INFO: [ view_filter ] --START--
INFO: Run Behavior\WriteHtmlCacheBehavior [ RunTime:0.000576s ]
INFO: [ view_filter ] --END-- [ RunTime:0.000607s ]
INFO: [ app_end ] --START--
INFO: Run Behavior\ShowPageTraceBehavior [ RunTime:0.000830s ]
INFO: [ app_end ] --END-- [ RunTime:0.000868s ]

[ 2017-08-12T14:25:58+08:00 ] 127.0.0.1 /index.php/Admin/System/webconfig.html
INFO: [ app_init ] --START--
INFO: Run Behavior\BuildLiteBehavior [ RunTime:0.000006s ]
INFO: [ app_init ] --END-- [ RunTime:0.000511s ]
INFO: [ app_begin ] --START--
INFO: Run Behavior\ReadHtmlCacheBehavior [ RunTime:0.000535s ]
INFO: [ app_begin ] --END-- [ RunTime:0.000561s ]
SQL: SHOW COLUMNS FROM `zsf_admin_role` [ RunTime:0.0355s ]
SQL: SELECT d.`id`,d.`pid`,d.`name` FROM zsf_admin_role a  LEFT JOIN `zsf_role` b ON a.`admin_id` = b.`id`  LEFT JOIN `zsf_role_node` c ON b.`id` = c.`role_id`  LEFT JOIN `zsf_node` d ON d.`id` = c.`node_id`  WHERE a.`admin_id` = '1' AND b.`status` = 1 AND d.`status` = 1  [ RunTime:0.0360s ]
SQL: SHOW COLUMNS FROM `zsf_menu` [ RunTime:0.0359s ]
SQL: SELECT `id`,`title`,`icon`,`url`,`pid` FROM `zsf_menu` WHERE `status` = 1 ORDER BY sort ASC  [ RunTime:0.0354s ]
INFO: [ view_parse ] --START--
INFO: [ template_filter ] --START--
INFO: Run Behavior\ContentReplaceBehavior [ RunTime:0.000024s ]
INFO: [ template_filter ] --END-- [ RunTime:0.000049s ]
INFO: Run Behavior\ParseTemplateBehavior [ RunTime:0.003906s ]
INFO: [ view_parse ] --END-- [ RunTime:0.003936s ]
INFO: [ view_filter ] --START--
INFO: Run Behavior\WriteHtmlCacheBehavior [ RunTime:0.000471s ]
INFO: [ view_filter ] --END-- [ RunTime:0.000512s ]
INFO: [ app_end ] --START--
INFO: Run Behavior\ShowPageTraceBehavior [ RunTime:0.000633s ]
INFO: [ app_end ] --END-- [ RunTime:0.000657s ]

[ 2017-08-12T14:26:00+08:00 ] 127.0.0.1 /index.php/Admin/System/index/type/webconfig.html
INFO: [ app_init ] --START--
INFO: Run Behavior\BuildLiteBehavior [ RunTime:0.000006s ]
INFO: [ app_init ] --END-- [ RunTime:0.000415s ]
INFO: [ app_begin ] --START--
INFO: Run Behavior\ReadHtmlCacheBehavior [ RunTime:0.000454s ]
INFO: [ app_begin ] --END-- [ RunTime:0.000508s ]
SQL: SHOW COLUMNS FROM `zsf_admin_role` [ RunTime:0.0682s ]
SQL: SELECT d.`id`,d.`pid`,d.`name` FROM zsf_admin_role a  LEFT JOIN `zsf_role` b ON a.`admin_id` = b.`id`  LEFT JOIN `zsf_role_node` c ON b.`id` = c.`role_id`  LEFT JOIN `zsf_node` d ON d.`id` = c.`node_id`  WHERE a.`admin_id` = '1' AND b.`status` = 1 AND d.`status` = 1  [ RunTime:0.0362s ]
SQL: SHOW COLUMNS FROM `zsf_menu` [ RunTime:0.0387s ]
SQL: SELECT `id`,`title`,`icon`,`url`,`pid` FROM `zsf_menu` WHERE `status` = 1 ORDER BY sort ASC  [ RunTime:0.0390s ]
INFO: [ view_parse ] --START--
INFO: [ template_filter ] --START--
INFO: Run Behavior\ContentReplaceBehavior [ RunTime:0.000257s ]
INFO: [ template_filter ] --END-- [ RunTime:0.000304s ]
NOTIC: [8] Undefined index: groupname F:\www\tp3.2\App\Runtime\Cache\Admin\e02e6caa671634a6fda76293383b168e.php 第 371 行.
INFO: Run Behavior\ParseTemplateBehavior [ RunTime:0.011635s ]
INFO: [ view_parse ] --END-- [ RunTime:0.011660s ]
INFO: [ view_filter ] --START--
INFO: Run Behavior\WriteHtmlCacheBehavior [ RunTime:0.000538s ]
INFO: [ view_filter ] --END-- [ RunTime:0.000574s ]
INFO: [ app_end ] --START--
INFO: Run Behavior\ShowPageTraceBehavior [ RunTime:0.000725s ]
INFO: [ app_end ] --END-- [ RunTime:0.000753s ]

[ 2017-08-12T14:26:03+08:00 ] 127.0.0.1 /index.php/Admin/System/index/type/webconfig.html
INFO: [ app_init ] --START--
INFO: Run Behavior\BuildLiteBehavior [ RunTime:0.000008s ]
INFO: [ app_init ] --END-- [ RunTime:0.000412s ]
INFO: [ app_begin ] --START--
INFO: Run Behavior\ReadHtmlCacheBehavior [ RunTime:0.000492s ]
INFO: [ app_begin ] --END-- [ RunTime:0.000518s ]
SQL: SHOW COLUMNS FROM `zsf_admin_role` [ RunTime:0.0360s ]
SQL: SELECT d.`id`,d.`pid`,d.`name` FROM zsf_admin_role a  LEFT JOIN `zsf_role` b ON a.`admin_id` = b.`id`  LEFT JOIN `zsf_role_node` c ON b.`id` = c.`role_id`  LEFT JOIN `zsf_node` d ON d.`id` = c.`node_id`  WHERE a.`admin_id` = '1' AND b.`status` = 1 AND d.`status` = 1  [ RunTime:0.0347s ]
SQL: SHOW COLUMNS FROM `zsf_menu` [ RunTime:0.0408s ]
SQL: SELECT `id`,`title`,`icon`,`url`,`pid` FROM `zsf_menu` WHERE `status` = 1 ORDER BY sort ASC  [ RunTime:0.0371s ]
INFO: [ view_parse ] --START--
INFO: [ template_filter ] --START--
INFO: Run Behavior\ContentReplaceBehavior [ RunTime:0.000194s ]
INFO: [ template_filter ] --END-- [ RunTime:0.000232s ]
NOTIC: [8] Undefined index: groupname F:\www\tp3.2\App\Runtime\Cache\Admin\e02e6caa671634a6fda76293383b168e.php 第 371 行.
INFO: Run Behavior\ParseTemplateBehavior [ RunTime:0.010506s ]
INFO: [ view_parse ] --END-- [ RunTime:0.010532s ]
INFO: [ view_filter ] --START--
INFO: Run Behavior\WriteHtmlCacheBehavior [ RunTime:0.000447s ]
INFO: [ view_filter ] --END-- [ RunTime:0.000473s ]
INFO: [ app_end ] --START--
INFO: Run Behavior\ShowPageTraceBehavior [ RunTime:0.000632s ]
INFO: [ app_end ] --END-- [ RunTime:0.000668s ]

[ 2017-08-12T15:09:23+08:00 ] 127.0.0.1 /index.php/Admin/System/webconfig.html
INFO: [ app_init ] --START--
INFO: Run Behavior\BuildLiteBehavior [ RunTime:0.000008s ]
INFO: [ app_init ] --END-- [ RunTime:0.000575s ]
INFO: [ app_begin ] --START--
INFO: Run Behavior\ReadHtmlCacheBehavior [ RunTime:0.000620s ]
INFO: [ app_begin ] --END-- [ RunTime:0.000655s ]
SQL: SHOW COLUMNS FROM `zsf_admin_role` [ RunTime:0.0406s ]
SQL: SELECT d.`id`,d.`pid`,d.`name` FROM zsf_admin_role a  LEFT JOIN `zsf_role` b ON a.`admin_id` = b.`id`  LEFT JOIN `zsf_role_node` c ON b.`id` = c.`role_id`  LEFT JOIN `zsf_node` d ON d.`id` = c.`node_id`  WHERE a.`admin_id` = '1' AND b.`status` = 1 AND d.`status` = 1  [ RunTime:0.0393s ]
SQL: SHOW COLUMNS FROM `zsf_menu` [ RunTime:0.0481s ]
SQL: SELECT `id`,`title`,`icon`,`url`,`pid` FROM `zsf_menu` WHERE `status` = 1 ORDER BY sort ASC  [ RunTime:0.0380s ]
INFO: [ view_parse ] --START--
INFO: [ template_filter ] --START--
INFO: Run Behavior\ContentReplaceBehavior [ RunTime:0.000066s ]
INFO: [ template_filter ] --END-- [ RunTime:0.000139s ]
INFO: Run Behavior\ParseTemplateBehavior [ RunTime:0.019378s ]
INFO: [ view_parse ] --END-- [ RunTime:0.019469s ]
INFO: [ view_filter ] --START--
INFO: Run Behavior\WriteHtmlCacheBehavior [ RunTime:0.000893s ]
INFO: [ view_filter ] --END-- [ RunTime:0.000943s ]
INFO: [ app_end ] --START--
INFO: Run Behavior\ShowPageTraceBehavior [ RunTime:0.001078s ]
INFO: [ app_end ] --END-- [ RunTime:0.001125s ]

[ 2017-08-12T15:09:25+08:00 ] 127.0.0.1 /index.php/Admin/System/index/type/webconfig.html
INFO: [ app_init ] --START--
INFO: Run Behavior\BuildLiteBehavior [ RunTime:0.000007s ]
INFO: [ app_init ] --END-- [ RunTime:0.000520s ]

[ 2017-08-12T15:21:09+08:00 ] 127.0.0.1 /index.php/Admin/Navs/index.html
INFO: [ app_init ] --START--
INFO: Run Behavior\BuildLiteBehavior [ RunTime:0.000006s ]
INFO: [ app_init ] --END-- [ RunTime:0.000498s ]

[ 2017-08-12T15:21:12+08:00 ] 127.0.0.1 /index.php/Admin/Navs/edit/id/1.html
INFO: [ app_init ] --START--
INFO: Run Behavior\BuildLiteBehavior [ RunTime:0.000006s ]
INFO: [ app_init ] --END-- [ RunTime:0.000487s ]

[ 2017-08-12T15:21:17+08:00 ] 127.0.0.1 /index.php/Admin/Navs/edit/id/1.html
INFO: [ app_init ] --START--
INFO: Run Behavior\BuildLiteBehavior [ RunTime:0.000006s ]
INFO: [ app_init ] --END-- [ RunTime:0.000452s ]

[ 2017-08-12T15:21:20+08:00 ] 127.0.0.1 /index.php/Admin/Navs/edit/id/1.html
INFO: [ app_init ] --START--
INFO: Run Behavior\BuildLiteBehavior [ RunTime:0.000005s ]
INFO: [ app_init ] --END-- [ RunTime:0.000422s ]

[ 2017-08-12T15:21:25+08:00 ] 127.0.0.1 /index.php/Admin/Navs/edit/id/1.html
INFO: [ app_init ] --START--
INFO: Run Behavior\BuildLiteBehavior [ RunTime:0.000006s ]
INFO: [ app_init ] --END-- [ RunTime:0.000449s ]

[ 2017-08-12T15:21:30+08:00 ] 127.0.0.1 /index.php/Admin/Navs/edit/id/1.html
INFO: [ app_init ] --START--
INFO: Run Behavior\BuildLiteBehavior [ RunTime:0.000006s ]
INFO: [ app_init ] --END-- [ RunTime:0.000456s ]

[ 2017-08-12T15:21:31+08:00 ] 127.0.0.1 /index.php/Admin/Navs/index.html
INFO: [ app_init ] --START--
INFO: Run Behavior\BuildLiteBehavior [ RunTime:0.000006s ]
INFO: [ app_init ] --END-- [ RunTime:0.000423s ]

[ 2017-08-12T15:39:43+08:00 ] 127.0.0.1 /index.php/Admin/Link/index.html
INFO: [ app_init ] --START--
INFO: Run Behavior\BuildLiteBehavior [ RunTime:0.000006s ]
INFO: [ app_init ] --END-- [ RunTime:0.000447s ]

[ 2017-08-12T15:59:34+08:00 ] 127.0.0.1 /index.php/Admin/System/index/type/dataconfig.html
INFO: [ app_init ] --START--
INFO: Run Behavior\BuildLiteBehavior [ RunTime:0.000016s ]
INFO: [ app_init ] --END-- [ RunTime:0.000716s ]

[ 2017-08-12T16:23:09+08:00 ] 127.0.0.1 /index.php/Admin/System/index/type/webconfig.html
INFO: [ app_init ] --START--
INFO: Run Behavior\BuildLiteBehavior [ RunTime:0.000013s ]
INFO: [ app_init ] --END-- [ RunTime:0.000533s ]

[ 2017-08-12T16:23:11+08:00 ] 127.0.0.1 /index.php/Admin/System/index/type/dataconfig.html
INFO: [ app_init ] --START--
INFO: Run Behavior\BuildLiteBehavior [ RunTime:0.000043s ]
INFO: [ app_init ] --END-- [ RunTime:0.001733s ]

[ 2017-08-12T22:18:13+08:00 ] 127.0.0.1 /index.php/Admin/Login/index.html
INFO: [ app_init ] --START--
INFO: Run Behavior\BuildLiteBehavior [ RunTime:0.000008s ]
INFO: [ app_init ] --END-- [ RunTime:0.000507s ]

[ 2017-08-12T22:18:13+08:00 ] 127.0.0.1 /index.php/Admin/Login/chkcode.html
INFO: [ app_init ] --START--
INFO: Run Behavior\BuildLiteBehavior [ RunTime:0.000008s ]
INFO: [ app_init ] --END-- [ RunTime:0.000614s ]

[ 2017-08-12T22:18:26+08:00 ] 127.0.0.1 /index.php/Admin/Login/index.html
INFO: [ app_init ] --START--
INFO: Run Behavior\BuildLiteBehavior [ RunTime:0.000008s ]
INFO: [ app_init ] --END-- [ RunTime:0.000519s ]

[ 2017-08-12T22:18:26+08:00 ] 127.0.0.1 /index.php/Admin/Index/index.html
INFO: [ app_init ] --START--
INFO: Run Behavior\BuildLiteBehavior [ RunTime:0.000011s ]
INFO: [ app_init ] --END-- [ RunTime:0.000749s ]

[ 2017-08-12T22:18:35+08:00 ] 127.0.0.1 /index.php/Admin/Article/index.html
INFO: [ app_init ] --START--
INFO: Run Behavior\BuildLiteBehavior [ RunTime:0.000008s ]
INFO: [ app_init ] --END-- [ RunTime:0.000552s ]

[ 2017-08-12T22:18:37+08:00 ] 127.0.0.1 /index.php/Admin/Article/recycleBin.html
INFO: [ app_init ] --START--
INFO: Run Behavior\BuildLiteBehavior [ RunTime:0.000039s ]
INFO: [ app_init ] --END-- [ RunTime:0.000951s ]

[ 2017-08-12T22:18:39+08:00 ] 127.0.0.1 /index.php/Admin/Article/index.html
INFO: [ app_init ] --START--
INFO: Run Behavior\BuildLiteBehavior [ RunTime:0.000009s ]
INFO: [ app_init ] --END-- [ RunTime:0.000619s ]

[ 2017-08-12T22:18:43+08:00 ] 127.0.0.1 /index.php/Admin/Article/add.html
INFO: [ app_init ] --START--
INFO: Run Behavior\BuildLiteBehavior [ RunTime:0.000009s ]
INFO: [ app_init ] --END-- [ RunTime:0.000794s ]

[ 2017-08-12T22:18:59+08:00 ] 127.0.0.1 /index.php/Admin/Tag/ajaxTag.html?q=a
INFO: [ app_init ] --START--
INFO: Run Behavior\BuildLiteBehavior [ RunTime:0.000010s ]
INFO: [ app_init ] --END-- [ RunTime:0.000687s ]
INFO: [ app_begin ] --START--
INFO: Run Behavior\ReadHtmlCacheBehavior [ RunTime:0.000770s ]
INFO: [ app_begin ] --END-- [ RunTime:0.000805s ]
SQL: SHOW COLUMNS FROM `zsf_admin_role` [ RunTime:0.0227s ]
SQL: SELECT d.`id`,d.`pid`,d.`name` FROM zsf_admin_role a  LEFT JOIN `zsf_role` b ON a.`admin_id` = b.`id`  LEFT JOIN `zsf_role_node` c ON b.`id` = c.`role_id`  LEFT JOIN `zsf_node` d ON d.`id` = c.`node_id`  WHERE a.`admin_id` = '1' AND b.`status` = 1 AND d.`status` = 1  [ RunTime:0.0233s ]
SQL: SHOW COLUMNS FROM `zsf_menu` [ RunTime:0.0230s ]
SQL: SELECT `id`,`title`,`icon`,`url`,`pid` FROM `zsf_menu` WHERE `status` = 1 ORDER BY sort ASC  [ RunTime:0.0229s ]
SQL: SHOW COLUMNS FROM `zsf_tag` [ RunTime:0.0239s ]
SQL: SELECT `tagname` FROM `zsf_tag` WHERE `tagname` LIKE 'a%' LIMIT 6   [ RunTime:0.0223s ]
INFO: [ app_end ] --START--
INFO: Run Behavior\ShowPageTraceBehavior [ RunTime:0.001987s ]
INFO: [ app_end ] --END-- [ RunTime:0.002072s ]

[ 2017-08-12T22:19:00+08:00 ] 127.0.0.1 /index.php/Admin/Tag/ajaxTag.html?q=aa
INFO: [ app_init ] --START--
INFO: Run Behavior\BuildLiteBehavior [ RunTime:0.000013s ]
INFO: [ app_init ] --END-- [ RunTime:0.001026s ]
INFO: [ app_begin ] --START--
INFO: Run Behavior\ReadHtmlCacheBehavior [ RunTime:0.000870s ]
INFO: [ app_begin ] --END-- [ RunTime:0.000912s ]
SQL: SHOW COLUMNS FROM `zsf_admin_role` [ RunTime:0.0286s ]
SQL: SELECT d.`id`,d.`pid`,d.`name` FROM zsf_admin_role a  LEFT JOIN `zsf_role` b ON a.`admin_id` = b.`id`  LEFT JOIN `zsf_role_node` c ON b.`id` = c.`role_id`  LEFT JOIN `zsf_node` d ON d.`id` = c.`node_id`  WHERE a.`admin_id` = '1' AND b.`status` = 1 AND d.`status` = 1  [ RunTime:0.0281s ]
SQL: SHOW COLUMNS FROM `zsf_menu` [ RunTime:0.0283s ]
SQL: SELECT `id`,`title`,`icon`,`url`,`pid` FROM `zsf_menu` WHERE `status` = 1 ORDER BY sort ASC  [ RunTime:0.0275s ]
SQL: SHOW COLUMNS FROM `zsf_tag` [ RunTime:0.0284s ]
SQL: SELECT `tagname` FROM `zsf_tag` WHERE `tagname` LIKE 'aa%' LIMIT 6   [ RunTime:0.0284s ]
INFO: [ app_end ] --START--
INFO: Run Behavior\ShowPageTraceBehavior [ RunTime:0.000704s ]
INFO: [ app_end ] --END-- [ RunTime:0.000726s ]

